<?xml version="1.0" encoding="utf-8"?><testsuites name="pytest tests"><testsuite name="pytest" errors="0" failures="0" skipped="0" tests="14" time="1.259" timestamp="2026-01-19T15:34:32.291198+00:00" hostname="agent-env-1e7ee623-809c-4e25-908f-065dc8b329c5"><testcase classname="tests.test_admin_dashboard.TestAdminLogin" name="test_admin_login_success" time="0.054" /><testcase classname="tests.test_admin_dashboard.TestAdminLogin" name="test_admin_login_wrong_password" time="0.035" /><testcase classname="tests.test_admin_dashboard.TestAdminLogin" name="test_admin_login_wrong_username" time="0.036" /><testcase classname="tests.test_admin_dashboard.TestAdminLogin" name="test_admin_login_empty_credentials" time="0.034" /><testcase classname="tests.test_admin_dashboard.TestAdminTokenVerification" name="test_verify_valid_token" time="0.074" /><testcase classname="tests.test_admin_dashboard.TestAdminTokenVerification" name="test_verify_invalid_token" time="0.038" /><testcase classname="tests.test_admin_dashboard.TestAdminTokenVerification" name="test_verify_no_token" time="0.034" /><testcase classname="tests.test_admin_dashboard.TestAdminDashboard" name="test_dashboard_with_valid_token" time="0.293" /><testcase classname="tests.test_admin_dashboard.TestAdminDashboard" name="test_dashboard_without_token" time="0.031" /><testcase classname="tests.test_admin_dashboard.TestAdminDashboard" name="test_dashboard_with_invalid_token" time="0.033" /><testcase classname="tests.test_admin_dashboard.TestAdminDashboard" name="test_dashboard_stats_data_types" time="0.290" /><testcase classname="tests.test_admin_dashboard.TestAdminOrders" name="test_get_admin_orders" time="0.181" /><testcase classname="tests.test_admin_dashboard.TestProtectedRoutes" name="test_dashboard_protected" time="0.038" /><testcase classname="tests.test_admin_dashboard.TestProtectedRoutes" name="test_verify_protected" time="0.034" /></testsuite></testsuites>