<?xml version="1.0" encoding="utf-8"?><testsuites name="pytest tests"><testsuite name="pytest" errors="0" failures="0" skipped="0" tests="11" time="1.749" timestamp="2026-01-13T18:44:45.971480+00:00" hostname="agent-env-43b7aa2c-7d0e-430e-8484-49a16ffba751"><testcase classname="tests.test_droomvriendjes_api.TestHealthCheck" name="test_api_root" time="0.089" /><testcase classname="tests.test_droomvriendjes_api.TestPaymentMethods" name="test_get_payment_methods" time="0.571" /><testcase classname="tests.test_droomvriendjes_api.TestOrders" name="test_create_order_success" time="0.039" /><testcase classname="tests.test_droomvriendjes_api.TestOrders" name="test_create_order_multiple_items" time="0.044" /><testcase classname="tests.test_droomvriendjes_api.TestOrders" name="test_get_order_by_id" time="0.068" /><testcase classname="tests.test_droomvriendjes_api.TestOrders" name="test_get_nonexistent_order" time="0.042" /><testcase classname="tests.test_droomvriendjes_api.TestPayments" name="test_create_payment_ideal" time="0.399" /><testcase classname="tests.test_droomvriendjes_api.TestPayments" name="test_create_payment_creditcard" time="0.319" /><testcase classname="tests.test_droomvriendjes_api.TestPayments" name="test_create_payment_invalid_order" time="0.033" /><testcase classname="tests.test_droomvriendjes_api.TestStatusEndpoint" name="test_create_status_check" time="0.042" /><testcase classname="tests.test_droomvriendjes_api.TestStatusEndpoint" name="test_get_status_checks" time="0.038" /></testsuite></testsuites>