<?xml version="1.0" encoding="utf-8"?><testsuites name="pytest tests"><testsuite name="pytest" errors="0" failures="1" skipped="0" tests="12" time="9.920" timestamp="2026-01-13T22:20:24.391543+00:00" hostname="agent-env-90e71a52-8b89-43d1-a183-af9f2bacbbec"><testcase classname="tests.test_email_notifications.TestContactFormAPI" name="test_contact_form_success" time="1.454" /><testcase classname="tests.test_email_notifications.TestContactFormAPI" name="test_contact_form_required_fields" time="0.033" /><testcase classname="tests.test_email_notifications.TestContactFormAPI" name="test_contact_form_invalid_email" time="1.221" /><testcase classname="tests.test_email_notifications.TestCheckoutStartedAPI" name="test_checkout_started_success" time="1.234" /><testcase classname="tests.test_email_notifications.TestCheckoutStartedAPI" name="test_checkout_started_without_session_id" time="1.254" /><testcase classname="tests.test_email_notifications.TestCheckoutStartedAPI" name="test_checkout_started_empty_cart" time="1.296" /><testcase classname="tests.test_email_notifications.TestCheckoutStartedAPI" name="test_checkout_started_missing_email" time="0.037" /><testcase classname="tests.test_email_notifications.TestOrderAPI" name="test_create_order_success" time="1.217" /><testcase classname="tests.test_email_notifications.TestOrderAPI" name="test_get_order_by_id" time="1.321" /><testcase classname="tests.test_email_notifications.TestOrderAPI" name="test_get_nonexistent_order" time="0.040"><failure message="AssertionError: Expected 404, got 520&#10;assert 520 == 404&#10; +  where 520 = &lt;Response [520]&gt;.status_code">tests/test_email_notifications.py:227: in test_get_nonexistent_order
    assert response.status_code == 404, f"Expected 404, got {response.status_code}"
E   AssertionError: Expected 404, got 520
E   assert 520 == 404
E    +  where 520 = &lt;Response [520]&gt;.status_code</failure></testcase><testcase classname="tests.test_email_notifications.TestPaymentMethodsAPI" name="test_get_payment_methods" time="0.699" /><testcase classname="tests.test_email_notifications.TestAPIHealth" name="test_api_root" time="0.033" /></testsuite></testsuites>