<?xml version="1.0" encoding="utf-8"?><testsuites name="pytest tests"><testsuite name="pytest" errors="0" failures="2" skipped="0" tests="11" time="2.108" timestamp="2026-01-13T18:44:18.739290+00:00" hostname="agent-env-43b7aa2c-7d0e-430e-8484-49a16ffba751"><testcase classname="tests.test_droomvriendjes_api.TestHealthCheck" name="test_api_root" time="0.066" /><testcase classname="tests.test_droomvriendjes_api.TestPaymentMethods" name="test_get_payment_methods" time="0.570" /><testcase classname="tests.test_droomvriendjes_api.TestOrders" name="test_create_order_success" time="0.036" /><testcase classname="tests.test_droomvriendjes_api.TestOrders" name="test_create_order_multiple_items" time="0.037" /><testcase classname="tests.test_droomvriendjes_api.TestOrders" name="test_get_order_by_id" time="0.074" /><testcase classname="tests.test_droomvriendjes_api.TestOrders" name="test_get_nonexistent_order" time="0.038"><failure message="assert 520 in [404, 500]&#10; +  where 520 = &lt;Response [520]&gt;.status_code">tests/test_droomvriendjes_api.py:164: in test_get_nonexistent_order
    assert response.status_code in [404, 500]
E   assert 520 in [404, 500]
E    +  where 520 = &lt;Response [520]&gt;.status_code</failure></testcase><testcase classname="tests.test_droomvriendjes_api.TestPayments" name="test_create_payment_ideal" time="0.398" /><testcase classname="tests.test_droomvriendjes_api.TestPayments" name="test_create_payment_creditcard" time="0.677" /><testcase classname="tests.test_droomvriendjes_api.TestPayments" name="test_create_payment_invalid_order" time="0.035"><failure message="assert 520 in [404, 500]&#10; +  where 520 = &lt;Response [520]&gt;.status_code">tests/test_droomvriendjes_api.py:278: in test_create_payment_invalid_order
    assert response.status_code in [404, 500]
E   assert 520 in [404, 500]
E    +  where 520 = &lt;Response [520]&gt;.status_code</failure></testcase><testcase classname="tests.test_droomvriendjes_api.TestStatusEndpoint" name="test_create_status_check" time="0.050" /><testcase classname="tests.test_droomvriendjes_api.TestStatusEndpoint" name="test_get_status_checks" time="0.041" /></testsuite></testsuites>